{"message":"Connnected to MongoDB","level":"info"}
{"message":"Connnected to MongoDB","level":"info"}
{"message":"Connnected to MongoDB","level":"info"}
{"message":"Connnected to MongoDB","level":"info"}
{"message":"Connnected to MongoDB","level":"info"}
{"message":"Connnected to MongoDB","level":"info"}
{"message":"Listening on port 3000","level":"info"}
{"message":"Connnected to MongoDB","level":"info"}
{"message":"Listening on port 3000","level":"info"}
{"message":"Connnected to MongoDB","level":"info"}
{"message":"Listening on port 3000","level":"info"}
{"message":"Connnected to MongoDB","level":"info"}
{"message":"Listening on port 3000","level":"info"}
{"message":"Connnected to MongoDB","level":"info"}
{"message":"Connnected to MongoDB","level":"info"}
{"message":"Connnected to MongoDB","level":"info"}
{"message":"Connnected to MongoDB","level":"info"}
{"message":"Connnected to MongoDB","level":"info"}
{"message":"Connnected to MongoDB","level":"info"}
{"message":"Connnected to MongoDB","level":"info"}
{"message":"Connnected to MongoDB","level":"info"}
{"message":"Connnected to MongoDB","level":"info"}
{"message":"Connnected to MongoDB","level":"info"}
{"message":"Connnected to MongoDB","level":"info"}
{"message":"Connnected to MongoDB","level":"info"}
{"message":"Connnected to MongoDB","level":"info"}
{"message":"Connnected to mongodb://localhost/vidly...","level":"info"}
{"message":"Connnected to mongodb://localhost/vidly...","level":"info"}
{"message":"Listening on port 3000","level":"info"}
{"message":"Connnected to mongodb://localhost/vidly...","level":"info"}
{"message":"Listening on port 3000","level":"info"}
{"message":"Connnected to mongodb://localhost/vidly...","level":"info"}
{"message":"Listening on port 3000","level":"info"}
{"message":"Connnected to mongodb://localhost/vidly_tests...","level":"info"}
{"message":"Listening on port 3000","level":"info"}
{"message":"Listening on port 3000","level":"info"}
{"level":"error","message":"Could not get a genreCould not get a genre","stack":"Error: Could not get a genre\n    at Object.<anonymous>.router.get (/Users/artemlyksa/Desktop/Projects/Self_education/NodeJS/vidly/routes/genres.js:9:11)\n    at newFn (/Users/artemlyksa/Desktop/Projects/Self_education/NodeJS/vidly/node_modules/express-async-errors/index.js:16:20)\n    at Layer.handle [as handle_request] (/Users/artemlyksa/Desktop/Projects/Self_education/NodeJS/vidly/node_modules/express/lib/router/layer.js:95:5)\n    at next (/Users/artemlyksa/Desktop/Projects/Self_education/NodeJS/vidly/node_modules/express/lib/router/route.js:137:13)\n    at Route.dispatch (/Users/artemlyksa/Desktop/Projects/Self_education/NodeJS/vidly/node_modules/express/lib/router/route.js:112:3)\n    at newFn (/Users/artemlyksa/Desktop/Projects/Self_education/NodeJS/vidly/node_modules/express-async-errors/index.js:16:20)\n    at Layer.handle [as handle_request] (/Users/artemlyksa/Desktop/Projects/Self_education/NodeJS/vidly/node_modules/express/lib/router/layer.js:95:5)\n    at /Users/artemlyksa/Desktop/Projects/Self_education/NodeJS/vidly/node_modules/express/lib/router/index.js:281:22\n    at Function.process_params (/Users/artemlyksa/Desktop/Projects/Self_education/NodeJS/vidly/node_modules/express/lib/router/index.js:335:12)\n    at next (/Users/artemlyksa/Desktop/Projects/Self_education/NodeJS/vidly/node_modules/express/lib/router/index.js:275:10)\n    at Function.handle (/Users/artemlyksa/Desktop/Projects/Self_education/NodeJS/vidly/node_modules/express/lib/router/index.js:174:3)\n    at router (/Users/artemlyksa/Desktop/Projects/Self_education/NodeJS/vidly/node_modules/express/lib/router/index.js:47:12)\n    at newFn (/Users/artemlyksa/Desktop/Projects/Self_education/NodeJS/vidly/node_modules/express-async-errors/index.js:16:20)\n    at Layer.handle [as handle_request] (/Users/artemlyksa/Desktop/Projects/Self_education/NodeJS/vidly/node_modules/express/lib/router/layer.js:95:5)\n    at trim_prefix (/Users/artemlyksa/Desktop/Projects/Self_education/NodeJS/vidly/node_modules/express/lib/router/index.js:317:13)\n    at /Users/artemlyksa/Desktop/Projects/Self_education/NodeJS/vidly/node_modules/express/lib/router/index.js:284:7\n    at Function.process_params (/Users/artemlyksa/Desktop/Projects/Self_education/NodeJS/vidly/node_modules/express/lib/router/index.js:335:12)\n    at next (/Users/artemlyksa/Desktop/Projects/Self_education/NodeJS/vidly/node_modules/express/lib/router/index.js:275:10)\n    at jsonParser (/Users/artemlyksa/Desktop/Projects/Self_education/NodeJS/vidly/node_modules/body-parser/lib/types/json.js:110:7)\n    at newFn (/Users/artemlyksa/Desktop/Projects/Self_education/NodeJS/vidly/node_modules/express-async-errors/index.js:16:20)\n    at Layer.handle [as handle_request] (/Users/artemlyksa/Desktop/Projects/Self_education/NodeJS/vidly/node_modules/express/lib/router/layer.js:95:5)\n    at trim_prefix (/Users/artemlyksa/Desktop/Projects/Self_education/NodeJS/vidly/node_modules/express/lib/router/index.js:317:13)\n    at /Users/artemlyksa/Desktop/Projects/Self_education/NodeJS/vidly/node_modules/express/lib/router/index.js:284:7\n    at Function.process_params (/Users/artemlyksa/Desktop/Projects/Self_education/NodeJS/vidly/node_modules/express/lib/router/index.js:335:12)\n    at next (/Users/artemlyksa/Desktop/Projects/Self_education/NodeJS/vidly/node_modules/express/lib/router/index.js:275:10)\n    at expressInit (/Users/artemlyksa/Desktop/Projects/Self_education/NodeJS/vidly/node_modules/express/lib/middleware/init.js:40:5)\n    at newFn (/Users/artemlyksa/Desktop/Projects/Self_education/NodeJS/vidly/node_modules/express-async-errors/index.js:16:20)\n    at Layer.handle [as handle_request] (/Users/artemlyksa/Desktop/Projects/Self_education/NodeJS/vidly/node_modules/express/lib/router/layer.js:95:5)\n    at trim_prefix (/Users/artemlyksa/Desktop/Projects/Self_education/NodeJS/vidly/node_modules/express/lib/router/index.js:317:13)\n    at /Users/artemlyksa/Desktop/Projects/Self_education/NodeJS/vidly/node_modules/express/lib/router/index.js:284:7\n    at Function.process_params (/Users/artemlyksa/Desktop/Projects/Self_education/NodeJS/vidly/node_modules/express/lib/router/index.js:335:12)\n    at next (/Users/artemlyksa/Desktop/Projects/Self_education/NodeJS/vidly/node_modules/express/lib/router/index.js:275:10)\n    at query (/Users/artemlyksa/Desktop/Projects/Self_education/NodeJS/vidly/node_modules/express/lib/middleware/query.js:45:5)\n    at newFn (/Users/artemlyksa/Desktop/Projects/Self_education/NodeJS/vidly/node_modules/express-async-errors/index.js:16:20)\n    at Layer.handle [as handle_request] (/Users/artemlyksa/Desktop/Projects/Self_education/NodeJS/vidly/node_modules/express/lib/router/layer.js:95:5)\n    at trim_prefix (/Users/artemlyksa/Desktop/Projects/Self_education/NodeJS/vidly/node_modules/express/lib/router/index.js:317:13)\n    at /Users/artemlyksa/Desktop/Projects/Self_education/NodeJS/vidly/node_modules/express/lib/router/index.js:284:7\n    at Function.process_params (/Users/artemlyksa/Desktop/Projects/Self_education/NodeJS/vidly/node_modules/express/lib/router/index.js:335:12)\n    at next (/Users/artemlyksa/Desktop/Projects/Self_education/NodeJS/vidly/node_modules/express/lib/router/index.js:275:10)\n    at Function.handle (/Users/artemlyksa/Desktop/Projects/Self_education/NodeJS/vidly/node_modules/express/lib/router/index.js:174:3)\n    at Function.handle (/Users/artemlyksa/Desktop/Projects/Self_education/NodeJS/vidly/node_modules/express/lib/application.js:174:10)\n    at Server.app (/Users/artemlyksa/Desktop/Projects/Self_education/NodeJS/vidly/node_modules/express/lib/express.js:39:9)\n    at Server.emit (events.js:198:13)\n    at parserOnIncoming (_http_server.js:677:12)\n    at HTTPParser.parserOnHeadersComplete (_http_common.js:109:17)"}
{"message":"Listening on port 3000","level":"info"}
{"message":"Connnected to mongodb://localhost/vidly_tests...","level":"info"}
{"message":"Listening on port 3000","level":"info"}
{"message":"Connnected to mongodb://localhost/vidly_tests...","level":"info"}
